{
  "RSpec": {
    "coverage": {
      "/home/merry-state-9662/tic-tac-toe-rb-ruby-intro-000/lib/tic_tac_toe.rb": [
        null,
        null,
        1,
        null,
        null,
        null,
        null,
        null,
        null,
        null,
        null,
        null,
        null,
        null,
        null,
        1,
        7,
        7,
        7,
        7,
        7,
        null,
        null,
        null,
        null,
        1,
        6,
        null,
        null,
        null,
        1,
        5,
        null,
        null,
        null,
        1,
        214,
        38,
        null,
        176,
        null,
        null,
        null,
        null,
        1,
        6,
        3,
        null,
        3,
        null,
        null,
        null,
        null,
        1,
        2,
        2,
        null,
        2,
        2,
        1,
        1,
        1,
        null,
        null,
        2,
        2,
        null,
        null,
        null,
        null,
        1,
        13,
        82,
        null,
        null,
        null,
        null,
        1,
        62,
        null,
        null,
        null,
        1,
        7,
        3,
        null,
        null,
        null,
        4,
        null,
        null,
        null,
        null,
        1,
        3,
        null,
        null,
        null,
        1,
        3,
        null,
        null,
        null,
        null,
        null,
        null,
        1,
        3,
        3,
        27,
        7,
        null,
        null,
        3,
        null,
        null,
        null,
        1,
        1,
        1,
        null,
        0,
        null,
        1,
        null
      ]
    },
    "timestamp": 1613766391
  }
}
