{
  "RSpec": {
    "coverage": {
      "/home/merry-state-9662/tic-tac-toe-rb-ruby-intro-000/lib/tic_tac_toe.rb": [
        null,
        null,
        1,
        null,
        null,
        null,
        null,
        null,
        null,
        null,
        null,
        null,
        null,
        null,
        null,
        1,
        11,
        11,
        11,
        11,
        11,
        null,
        null,
        null,
        null,
        1,
        11,
        null,
        null,
        null,
        1,
        11,
        null,
        null,
        null,
        1,
        49,
        35,
        null,
        14,
        null,
        null,
        null,
        null,
        1,
        11,
        11,
        null,
        0,
        null,
        null,
        null,
        null,
        1,
        11,
        11,
        null,
        11,
        11,
        0,
        0,
        0,
        null,
        null,
        11,
        11,
        null,
        null,
        null,
        null,
        1,
        5,
        26,
        null,
        null,
        null,
        null,
        1,
        15,
        null,
        null,
        null,
        1,
        2,
        0,
        null,
        null,
        null,
        2,
        null,
        null,
        null,
        null,
        1,
        8,
        null,
        null,
        null,
        1,
        0,
        null,
        null,
        null,
        null,
        null,
        null,
        1,
        22,
        22,
        198,
        12,
        null,
        null,
        22,
        null,
        null,
        null,
        1,
        11,
        7,
        null,
        4,
        null,
        11,
        null,
        null,
        null,
        null,
        1,
        8,
        11,
        null,
        null,
        null,
        null
      ]
    },
    "timestamp": 1613768353
  }
}
